<?xml version="1.0" encoding="UTF-8"?>
<!-- Generated by org.testng.reporters.JUnitReportReporter -->
<testsuite hostname="DESKTOP-NV17DNE" failures="0" tests="1" name="Tests.LoginTestCases" time="5.208" errors="0" timestamp="2024-06-10T12:31:42 AST" skipped="0">
  <testcase classname="Tests.LoginTestCases" name="LoginWithinValidData" time="5.208"/>
  <system-out/>
</testsuite> <!-- Tests.LoginTestCases -->
