<?xml version="1.0" encoding="UTF-8"?>
<!-- Generated by org.testng.reporters.JUnitReportReporter -->
<testsuite hostname="DESKTOP-NV17DNE" failures="0" tests="1" name="Tests.ForgetPasswordTc" time="8.602" errors="0" timestamp="2024-06-10T13:42:01 AST" skipped="0">
  <testcase classname="Tests.ForgetPasswordTc" name="clickOnForgetPasswordLbl" time="8.602"/>
  <system-out/>
</testsuite> <!-- Tests.ForgetPasswordTc -->
