<?xml version="1.0" encoding="UTF-8"?>
<!-- Generated by org.testng.reporters.JUnitReportReporter -->
<testsuite hostname="DESKTOP-NV17DNE" failures="0" tests="1" name="Tests.RegisterTc" time="9.674" errors="0" timestamp="2024-06-11T11:02:39 AST" skipped="0">
  <testcase classname="Tests.RegisterTc" name="VerifyNafath2323" time="9.674"/>
  <system-out/>
</testsuite> <!-- Tests.RegisterTc -->
