<?xml version="1.0" encoding="UTF-8"?>
<!-- Generated by org.testng.reporters.JUnitReportReporter -->
<testsuite hostname="DESKTOP-NV17DNE" failures="0" tests="1" name="Tests.ForgetPasswordTc" time="5.093" errors="0" timestamp="2024-06-10T12:28:42 AST" skipped="0">
  <testcase classname="Tests.ForgetPasswordTc" name="clickOnForgetPasswordLbl" time="5.093"/>
  <system-out/>
</testsuite> <!-- Tests.ForgetPasswordTc -->
