<?xml version="1.0" encoding="UTF-8"?>
<!-- Generated by org.testng.reporters.JUnitReportReporter -->
<testsuite hostname="DESKTOP-NV17DNE" failures="0" tests="1" name="Tests.RegisterTc" time="8.856" errors="0" timestamp="2024-06-10T14:47:49 AST" skipped="0">
  <testcase classname="Tests.RegisterTc" name="CheckValidationOnNID" time="8.856"/>
  <system-out/>
</testsuite> <!-- Tests.RegisterTc -->
