<?xml version="1.0" encoding="UTF-8"?>
<!-- Generated by org.testng.reporters.JUnitReportReporter -->
<testsuite hostname="DESKTOP-NV17DNE" failures="0" tests="1" name="Tests.LoginTestCases" time="6.346" errors="0" timestamp="2024-06-10T13:45:24 AST" skipped="0">
  <testcase classname="Tests.LoginTestCases" name="LoginWithCorrectCrnandCorrectPassword" time="6.346"/>
  <system-out/>
</testsuite> <!-- Tests.LoginTestCases -->
