<?xml version="1.0" encoding="UTF-8"?>
<!-- Generated by org.testng.reporters.JUnitReportReporter -->
<testsuite hostname="DESKTOP-NV17DNE" failures="0" tests="1" name="Tests.RegisterTc" time="10.947" errors="0" timestamp="2024-06-12T16:26:29 AST" skipped="0">
  <testcase classname="Tests.RegisterTc" name="OpenMerchantReigsterPage" time="10.947"/>
  <system-out/>
</testsuite> <!-- Tests.RegisterTc -->
